<?xml version="1.0" encoding="UTF-8"?>
<testng-results ignored="0" total="2" passed="1" failed="1" skipped="0">
  <reporter-output>
  </reporter-output>
  <suite started-at="2020-06-23T18:09:24 SRET" name="Default suite" finished-at="2020-06-23T18:10:13 SRET" duration-ms="48688">
    <groups>
    </groups>
    <test started-at="2020-06-23T18:09:24 SRET" name="Default test" finished-at="2020-06-23T18:10:13 SRET" duration-ms="48688">
      <class name="selenium.SeleniumUsingTestNG">
        <test-method is-config="true" signature="setProperties()[pri:0, instance:selenium.SeleniumUsingTestNG@a3d8174]" started-at="2020-06-23T18:09:24 SRET" name="setProperties" finished-at="2020-06-23T18:09:42 SRET" duration-ms="17541" status="PASS">
          <reporter-output>
          </reporter-output>
        </test-method> <!-- setProperties -->
        <test-method signature="loginToFacebook()[pri:0, instance:selenium.SeleniumUsingTestNG@a3d8174]" started-at="2020-06-23T18:09:42 SRET" name="loginToFacebook" finished-at="2020-06-23T18:09:43 SRET" duration-ms="978" status="PASS">
          <reporter-output>
          </reporter-output>
        </test-method> <!-- loginToFacebook -->
        <test-method signature="searchProfile()[pri:1, instance:selenium.SeleniumUsingTestNG@a3d8174]" started-at="2020-06-23T18:09:43 SRET" name="searchProfile" finished-at="2020-06-23T18:10:13 SRET" duration-ms="30126" status="FAIL">
          <exception class="org.openqa.selenium.TimeoutException">
            <message>
              <![CDATA[Expected condition failed: waiting for alert to be present (tried for 30 second(s) with 500 milliseconds interval)
Build info: version: '4.0.0-alpha-6', revision: '5f43a29cfc'
System info: host: 'DESKTOP-QH686L2', ip: '192.168.1.73', os.name: 'Windows 10', os.arch: 'amd64', os.version: '10.0', java.version: '10.0.2'
Driver info: org.openqa.selenium.chrome.ChromeDriver
Capabilities {acceptInsecureCerts: false, browserName: chrome, browserVersion: 83.0.4103.97, chrome: {chromedriverVersion: 83.0.4103.39 (ccbf011cb2d2b..., userDataDir: C:\Users\nwani\AppData\Loca...}, goog:chromeOptions: {debuggerAddress: localhost:59442}, javascriptEnabled: true, networkConnectionEnabled: false, pageLoadStrategy: normal, platform: WINDOWS, platformName: WINDOWS, proxy: Proxy(), setWindowRect: true, strictFileInteractability: false, timeouts: {implicit: 0, pageLoad: 300000, script: 30000}, unhandledPromptBehavior: dismiss and notify, webauthn:virtualAuthenticators: true}
Session ID: 9ed99f4a55cb65de3753b5b93d499638]]>
            </message>
            <full-stacktrace>
              <![CDATA[org.openqa.selenium.TimeoutException: Expected condition failed: waiting for alert to be present (tried for 30 second(s) with 500 milliseconds interval)
Build info: version: '4.0.0-alpha-6', revision: '5f43a29cfc'
System info: host: 'DESKTOP-QH686L2', ip: '192.168.1.73', os.name: 'Windows 10', os.arch: 'amd64', os.version: '10.0', java.version: '10.0.2'
Driver info: org.openqa.selenium.chrome.ChromeDriver
Capabilities {acceptInsecureCerts: false, browserName: chrome, browserVersion: 83.0.4103.97, chrome: {chromedriverVersion: 83.0.4103.39 (ccbf011cb2d2b..., userDataDir: C:\Users\nwani\AppData\Loca...}, goog:chromeOptions: {debuggerAddress: localhost:59442}, javascriptEnabled: true, networkConnectionEnabled: false, pageLoadStrategy: normal, platform: WINDOWS, platformName: WINDOWS, proxy: Proxy(), setWindowRect: true, strictFileInteractability: false, timeouts: {implicit: 0, pageLoad: 300000, script: 30000}, unhandledPromptBehavior: dismiss and notify, webauthn:virtualAuthenticators: true}
Session ID: 9ed99f4a55cb65de3753b5b93d499638
at org.openqa.selenium.support.ui.WebDriverWait.timeoutException(WebDriverWait.java:138)
at org.openqa.selenium.support.ui.FluentWait.lambda$checkConditionInLoop$2(FluentWait.java:255)
at java.base/java.util.concurrent.CompletableFuture$AsyncSupply.run(Unknown Source)
at java.base/java.util.concurrent.CompletableFuture$AsyncSupply.exec(Unknown Source)
at java.base/java.util.concurrent.ForkJoinTask.doExec(Unknown Source)
at java.base/java.util.concurrent.ForkJoinPool.runWorker(Unknown Source)
at java.base/java.util.concurrent.ForkJoinWorkerThread.run(Unknown Source)
]]>
            </full-stacktrace>
          </exception> <!-- org.openqa.selenium.TimeoutException -->
          <reporter-output>
          </reporter-output>
        </test-method> <!-- searchProfile -->
      </class> <!-- selenium.SeleniumUsingTestNG -->
    </test> <!-- Default test -->
  </suite> <!-- Default suite -->
</testng-results>
